<?xml version="1.0" encoding="UTF-8"?>
<!-- Generated by org.testng.reporters.JUnitReportReporter -->
<testsuite hostname="DESKTOP-2E0J32K" failures="0" tests="3" name="tests.LoginTest" time="63.304" errors="0" timestamp="2025-07-05T21:02:58 IST" skipped="0">
  <testcase classname="tests.LoginTest" name="signuptest" time="33.920"/>
  <testcase classname="tests.LoginTest" name="testInvalidLogin" time="13.119"/>
  <testcase classname="tests.LoginTest" name="testSuccessfulLogin" time="16.265"/>
</testsuite> <!-- tests.LoginTest -->
